<?xml version="1.0" encoding="UTF-8"?>
<testsuite name="com.mindex.challenge.DataBootstrapTest" tests="1" skipped="0" failures="0" errors="0" timestamp="2024-01-25T04:50:02" hostname="pop-os" time="0.004">
  <properties/>
  <testcase name="test" classname="com.mindex.challenge.DataBootstrapTest" time="0.004"/>
  <system-out><![CDATA[2024-01-24 23:50:01.923  INFO 468372 --- [    Test worker] .b.t.c.SpringBootTestContextBootstrapper : Neither @ContextConfiguration nor @ContextHierarchy found for test class [com.mindex.challenge.DataBootstrapTest], using SpringBootContextLoader
2024-01-24 23:50:01.923  INFO 468372 --- [    Test worker] o.s.t.c.support.AbstractContextLoader    : Could not detect default resource locations for test class [com.mindex.challenge.DataBootstrapTest]: no resource found for suffixes {-context.xml, Context.groovy}.
2024-01-24 23:50:01.923  INFO 468372 --- [    Test worker] t.c.s.AnnotationConfigContextLoaderUtils : Could not detect default configuration classes for test class [com.mindex.challenge.DataBootstrapTest]: DataBootstrapTest does not declare any static, non-private, non-final, nested classes annotated with @Configuration.
2024-01-24 23:50:01.926  INFO 468372 --- [    Test worker] .b.t.c.SpringBootTestContextBootstrapper : Found @SpringBootConfiguration com.mindex.challenge.ChallengeApplication for test class com.mindex.challenge.DataBootstrapTest
2024-01-24 23:50:01.927  INFO 468372 --- [    Test worker] .b.t.c.SpringBootTestContextBootstrapper : Loaded default TestExecutionListener class names from location [META-INF/spring.factories]: [org.springframework.boot.test.autoconfigure.restdocs.RestDocsTestExecutionListener, org.springframework.boot.test.autoconfigure.web.client.MockRestServiceServerResetTestExecutionListener, org.springframework.boot.test.autoconfigure.web.servlet.MockMvcPrintOnlyOnFailureTestExecutionListener, org.springframework.boot.test.autoconfigure.web.servlet.WebDriverTestExecutionListener, org.springframework.boot.test.mock.mockito.MockitoTestExecutionListener, org.springframework.boot.test.mock.mockito.ResetMocksTestExecutionListener, org.springframework.test.context.web.ServletTestExecutionListener, org.springframework.test.context.support.DirtiesContextBeforeModesTestExecutionListener, org.springframework.test.context.support.DependencyInjectionTestExecutionListener, org.springframework.test.context.support.DirtiesContextTestExecutionListener, org.springframework.test.context.transaction.TransactionalTestExecutionListener, org.springframework.test.context.jdbc.SqlScriptsTestExecutionListener, org.springframework.test.context.event.EventPublishingTestExecutionListener]
2024-01-24 23:50:01.927  INFO 468372 --- [    Test worker] .b.t.c.SpringBootTestContextBootstrapper : Using TestExecutionListeners: [org.springframework.test.context.web.ServletTestExecutionListener@19b0940c, org.springframework.test.context.support.DirtiesContextBeforeModesTestExecutionListener@35bfcbd3, org.springframework.boot.test.mock.mockito.MockitoTestExecutionListener@70efbd2d, org.springframework.boot.test.autoconfigure.SpringBootDependencyInjectionTestExecutionListener@6e7c7e95, org.springframework.test.context.support.DirtiesContextTestExecutionListener@737187a2, org.springframework.test.context.transaction.TransactionalTestExecutionListener@385b2b4c, org.springframework.test.context.jdbc.SqlScriptsTestExecutionListener@35d0ffbf, org.springframework.test.context.event.EventPublishingTestExecutionListener@3855b746, org.springframework.boot.test.autoconfigure.restdocs.RestDocsTestExecutionListener@47667b79, org.springframework.boot.test.autoconfigure.web.client.MockRestServiceServerResetTestExecutionListener@26862992, org.springframework.boot.test.autoconfigure.web.servlet.MockMvcPrintOnlyOnFailureTestExecutionListener@149907fa, org.springframework.boot.test.autoconfigure.web.servlet.WebDriverTestExecutionListener@1636da8, org.springframework.boot.test.mock.mockito.ResetMocksTestExecutionListener@752a634e]

  .   ____          _            __ _ _
 /\\ / ___'_ __ _ _(_)_ __  __ _ \ \ \ \
( ( )\___ | '_ | '_| | '_ \/ _` | \ \ \ \
 \\/  ___)| |_)| | | | | || (_| |  ) ) ) )
  '  |____| .__|_| |_|_| |_\__, | / / / /
 =========|_|==============|___/=/_/_/_/
 :: Spring Boot ::        (v2.2.0.RELEASE)

2024-01-24 23:50:01.947  INFO 468372 --- [    Test worker] com.mindex.challenge.DataBootstrapTest   : Starting DataBootstrapTest on pop-os with PID 468372 (started by michael in /home/michael/workspace/idea-workspace/mindex-java-code-challenge)
2024-01-24 23:50:01.947 DEBUG 468372 --- [    Test worker] com.mindex.challenge.DataBootstrapTest   : Running with Spring Boot v2.2.0.RELEASE, Spring v5.2.0.RELEASE
2024-01-24 23:50:01.948  INFO 468372 --- [    Test worker] com.mindex.challenge.DataBootstrapTest   : No active profile set, falling back to default profiles: default
2024-01-24 23:50:02.035  INFO 468372 --- [    Test worker] .s.d.r.c.RepositoryConfigurationDelegate : Bootstrapping Spring Data repositories in DEFAULT mode.
2024-01-24 23:50:02.038  INFO 468372 --- [    Test worker] .s.d.r.c.RepositoryConfigurationDelegate : Finished Spring Data repository scanning in 2ms. Found 1 repository interfaces.
2024-01-24 23:50:02.104  INFO 468372 --- [    Test worker] de.bwaldvogel.mongo.MongoServer          : started MongoServer(port: 43001, ssl: false)
2024-01-24 23:50:02.106  INFO 468372 --- [    Test worker] org.mongodb.driver.cluster               : Cluster created with settings {hosts=[127.0.0.1:43001], mode=SINGLE, requiredClusterType=UNKNOWN, serverSelectionTimeout='30000 ms', maxWaitQueueSize=500}
2024-01-24 23:50:02.109  INFO 468372 --- [-server-worker1] d.b.mongo.wire.MongoWireProtocolHandler  : client [id: 0xa931ae68, L:/127.0.0.1:43001 - R:/127.0.0.1:58736] connected
2024-01-24 23:50:02.112  WARN 468372 --- [    Test worker] o.s.data.convert.CustomConversions       : Registering converter from class java.time.LocalDateTime to class java.time.Instant as reading converter although it doesn't convert from a store-supported type! You might wanna check you annotation setup at the converter implementation.
2024-01-24 23:50:02.112  WARN 468372 --- [    Test worker] o.s.data.convert.CustomConversions       : Registering converter from class java.time.Instant to class java.time.LocalDateTime as reading converter although it doesn't convert from a store-supported type! You might wanna check you annotation setup at the converter implementation.
2024-01-24 23:50:02.113  WARN 468372 --- [    Test worker] o.s.data.convert.CustomConversions       : Registering converter from class java.time.LocalDateTime to class java.time.Instant as reading converter although it doesn't convert from a store-supported type! You might wanna check you annotation setup at the converter implementation.
2024-01-24 23:50:02.113  WARN 468372 --- [    Test worker] o.s.data.convert.CustomConversions       : Registering converter from class java.time.Instant to class java.time.LocalDateTime as reading converter although it doesn't convert from a store-supported type! You might wanna check you annotation setup at the converter implementation.
2024-01-24 23:50:02.121  INFO 468372 --- [127.0.0.1:43001] org.mongodb.driver.connection            : Opened connection [connectionId{localValue:3}] to 127.0.0.1:43001
2024-01-24 23:50:02.122  INFO 468372 --- [127.0.0.1:43001] org.mongodb.driver.cluster               : Monitor thread successfully connected to server with description ServerDescription{address=127.0.0.1:43001, type=STANDALONE, state=CONNECTED, ok=true, version=ServerVersion{versionList=[3, 0, 0]}, minWireVersion=0, maxWireVersion=2, maxDocumentSize=16777216, logicalSessionTimeoutMinutes=null, roundTripTimeNanos=620560}
2024-01-24 23:50:02.157  INFO 468372 --- [-server-worker2] d.b.mongo.wire.MongoWireProtocolHandler  : client [id: 0xad72c9a9, L:/127.0.0.1:43001 - R:/127.0.0.1:58746] connected
2024-01-24 23:50:02.159  INFO 468372 --- [    Test worker] org.mongodb.driver.connection            : Opened connection [connectionId{localValue:4}] to 127.0.0.1:43001
2024-01-24 23:50:02.160  INFO 468372 --- [-server-worker2] d.b.mongo.backend.AbstractMongoBackend   : created database test
2024-01-24 23:50:02.160  INFO 468372 --- [-server-worker2] d.b.mongo.backend.AbstractMongoDatabase  : adding unique _id index for collection employee
2024-01-24 23:50:02.160  INFO 468372 --- [-server-worker2] d.b.mongo.backend.AbstractMongoDatabase  : created collection test.employee
2024-01-24 23:50:02.271  INFO 468372 --- [    Test worker] o.s.s.concurrent.ThreadPoolTaskExecutor  : Initializing ExecutorService 'applicationTaskExecutor'
2024-01-24 23:50:02.343  WARN 468372 --- [    Test worker] o.s.data.convert.CustomConversions       : Registering converter from class java.time.LocalDateTime to class java.time.Instant as reading converter although it doesn't convert from a store-supported type! You might wanna check you annotation setup at the converter implementation.
2024-01-24 23:50:02.344  WARN 468372 --- [    Test worker] o.s.data.convert.CustomConversions       : Registering converter from class java.time.Instant to class java.time.LocalDateTime as reading converter although it doesn't convert from a store-supported type! You might wanna check you annotation setup at the converter implementation.
2024-01-24 23:50:02.351  WARN 468372 --- [    Test worker] o.s.data.convert.CustomConversions       : Registering converter from class java.time.LocalDateTime to class java.time.Instant as reading converter although it doesn't convert from a store-supported type! You might wanna check you annotation setup at the converter implementation.
2024-01-24 23:50:02.352  WARN 468372 --- [    Test worker] o.s.data.convert.CustomConversions       : Registering converter from class java.time.Instant to class java.time.LocalDateTime as reading converter although it doesn't convert from a store-supported type! You might wanna check you annotation setup at the converter implementation.
2024-01-24 23:50:02.383  INFO 468372 --- [    Test worker] com.mindex.challenge.DataBootstrapTest   : Started DataBootstrapTest in 0.451 seconds (JVM running for 3.786)
]]></system-out>
  <system-err><![CDATA[]]></system-err>
</testsuite>
