<?xml version="1.0" encoding="UTF-8"?>
<testsuite name="com.mindex.challenge.ChallengeApplicationTests" tests="1" skipped="0" failures="0" errors="0" timestamp="2024-01-25T04:50:02" hostname="pop-os" time="0.001">
  <properties/>
  <testcase name="contextLoads" classname="com.mindex.challenge.ChallengeApplicationTests" time="0.001"/>
  <system-out><![CDATA[2024-01-24 23:50:02.395  INFO 468372 --- [    Test worker] .b.t.c.SpringBootTestContextBootstrapper : Neither @ContextConfiguration nor @ContextHierarchy found for test class [com.mindex.challenge.ChallengeApplicationTests], using SpringBootContextLoader
2024-01-24 23:50:02.396  INFO 468372 --- [    Test worker] o.s.t.c.support.AbstractContextLoader    : Could not detect default resource locations for test class [com.mindex.challenge.ChallengeApplicationTests]: no resource found for suffixes {-context.xml, Context.groovy}.
2024-01-24 23:50:02.396  INFO 468372 --- [    Test worker] t.c.s.AnnotationConfigContextLoaderUtils : Could not detect default configuration classes for test class [com.mindex.challenge.ChallengeApplicationTests]: ChallengeApplicationTests does not declare any static, non-private, non-final, nested classes annotated with @Configuration.
2024-01-24 23:50:02.397  INFO 468372 --- [    Test worker] .b.t.c.SpringBootTestContextBootstrapper : Found @SpringBootConfiguration com.mindex.challenge.ChallengeApplication for test class com.mindex.challenge.ChallengeApplicationTests
2024-01-24 23:50:02.398  INFO 468372 --- [    Test worker] .b.t.c.SpringBootTestContextBootstrapper : Loaded default TestExecutionListener class names from location [META-INF/spring.factories]: [org.springframework.boot.test.autoconfigure.restdocs.RestDocsTestExecutionListener, org.springframework.boot.test.autoconfigure.web.client.MockRestServiceServerResetTestExecutionListener, org.springframework.boot.test.autoconfigure.web.servlet.MockMvcPrintOnlyOnFailureTestExecutionListener, org.springframework.boot.test.autoconfigure.web.servlet.WebDriverTestExecutionListener, org.springframework.boot.test.mock.mockito.MockitoTestExecutionListener, org.springframework.boot.test.mock.mockito.ResetMocksTestExecutionListener, org.springframework.test.context.web.ServletTestExecutionListener, org.springframework.test.context.support.DirtiesContextBeforeModesTestExecutionListener, org.springframework.test.context.support.DependencyInjectionTestExecutionListener, org.springframework.test.context.support.DirtiesContextTestExecutionListener, org.springframework.test.context.transaction.TransactionalTestExecutionListener, org.springframework.test.context.jdbc.SqlScriptsTestExecutionListener, org.springframework.test.context.event.EventPublishingTestExecutionListener]
2024-01-24 23:50:02.398  INFO 468372 --- [    Test worker] .b.t.c.SpringBootTestContextBootstrapper : Using TestExecutionListeners: [org.springframework.test.context.web.ServletTestExecutionListener@6e53058b, org.springframework.test.context.support.DirtiesContextBeforeModesTestExecutionListener@10a09531, org.springframework.boot.test.mock.mockito.MockitoTestExecutionListener@3ca3b89a, org.springframework.boot.test.autoconfigure.SpringBootDependencyInjectionTestExecutionListener@40b547cf, org.springframework.test.context.support.DirtiesContextTestExecutionListener@36bc6d0f, org.springframework.test.context.transaction.TransactionalTestExecutionListener@22a17ff4, org.springframework.test.context.jdbc.SqlScriptsTestExecutionListener@3e77452, org.springframework.test.context.event.EventPublishingTestExecutionListener@6986c0de, org.springframework.boot.test.autoconfigure.restdocs.RestDocsTestExecutionListener@3c871cf4, org.springframework.boot.test.autoconfigure.web.client.MockRestServiceServerResetTestExecutionListener@15f09a4f, org.springframework.boot.test.autoconfigure.web.servlet.MockMvcPrintOnlyOnFailureTestExecutionListener@2d8d3947, org.springframework.boot.test.autoconfigure.web.servlet.WebDriverTestExecutionListener@72d28c18, org.springframework.boot.test.mock.mockito.ResetMocksTestExecutionListener@76b64e0a]
]]></system-out>
  <system-err><![CDATA[]]></system-err>
</testsuite>
